This file contains any messages produced by compilers while
running configure, to aid debugging if configure makes a mistake.

It was created by OTXServer configure 2.X.Series, which was
generated by GNU Autoconf 2.69.  Invocation command line was

  $ ./configure --enable-server-diag --enable-mysql --enable-groundcache --enable-root-permission

## --------- ##
## Platform. ##
## --------- ##

hostname = vps160636.vps.ovh.ca
uname -m = x86_64
uname -r = 3.16.0-5-amd64
uname -s = Linux
uname -v = #1 SMP Debian 3.16.51-3+deb8u1 (2018-01-08)

/usr/bin/uname -p = unknown
/bin/uname -X     = unknown

/bin/arch              = unknown
/usr/bin/arch -k       = unknown
/usr/convex/getsysinfo = unknown
/usr/bin/hostinfo      = unknown
/bin/machine           = unknown
/usr/bin/oslevel       = unknown
/bin/universe          = unknown

PATH: /usr/local/sbin
PATH: /usr/local/bin
PATH: /usr/sbin
PATH: /usr/bin
PATH: /sbin
PATH: /bin


## ----------- ##
## Core tests. ##
## ----------- ##

configure:2447: checking for a BSD-compatible install
configure:2515: result: /usr/bin/install -c
configure:2526: checking whether build environment is sane
configure:2581: result: yes
configure:2732: checking for a thread-safe mkdir -p
configure:2771: result: /bin/mkdir -p
configure:2778: checking for gawk
configure:2808: result: no
configure:2778: checking for mawk
configure:2794: found /usr/bin/mawk
configure:2805: result: mawk
configure:2816: checking whether make sets $(MAKE)
configure:2838: result: yes
configure:2867: checking whether make supports nested variables
configure:2884: result: yes
configure:3024: checking whether make supports nested variables
configure:3041: result: yes
configure:3111: checking for g++
configure:3127: found /usr/bin/g++
configure:3138: result: g++
configure:3165: checking for C++ compiler version
configure:3174: g++ --version >&5
g++ (Debian 4.9.2-10+deb8u1) 4.9.2
Copyright (C) 2014 Free Software Foundation, Inc.
This is free software; see the source for copying conditions.  There is NO
warranty; not even for MERCHANTABILITY or FITNESS FOR A PARTICULAR PURPOSE.

configure:3185: $? = 0
configure:3174: g++ -v >&5
Using built-in specs.
COLLECT_GCC=g++
COLLECT_LTO_WRAPPER=/usr/lib/gcc/x86_64-linux-gnu/4.9/lto-wrapper
Target: x86_64-linux-gnu
Configured with: ../src/configure -v --with-pkgversion='Debian 4.9.2-10+deb8u1' --with-bugurl=file:///usr/share/doc/gcc-4.9/README.Bugs --enable-languages=c,c++,java,go,d,fortran,objc,obj-c++ --prefix=/usr --program-suffix=-4.9 --enable-shared --enable-linker-build-id --libexecdir=/usr/lib --without-included-gettext --enable-threads=posix --with-gxx-include-dir=/usr/include/c++/4.9 --libdir=/usr/lib --enable-nls --with-sysroot=/ --enable-clocale=gnu --enable-libstdcxx-debug --enable-libstdcxx-time=yes --enable-gnu-unique-object --disable-vtable-verify --enable-plugin --with-system-zlib --disable-browser-plugin --enable-java-awt=gtk --enable-gtk-cairo --with-java-home=/usr/lib/jvm/java-1.5.0-gcj-4.9-amd64/jre --enable-java-home --with-jvm-root-dir=/usr/lib/jvm/java-1.5.0-gcj-4.9-amd64 --with-jvm-jar-dir=/usr/lib/jvm-exports/java-1.5.0-gcj-4.9-amd64 --with-arch-directory=amd64 --with-ecj-jar=/usr/share/java/eclipse-ecj.jar --enable-objc-gc --enable-multiarch --with-arch-32=i586 --with-abi=m64 --with-multilib-list=m32,m64,mx32 --enable-multilib --with-tune=generic --enable-checking=release --build=x86_64-linux-gnu --host=x86_64-linux-gnu --target=x86_64-linux-gnu
Thread model: posix
gcc version 4.9.2 (Debian 4.9.2-10+deb8u1) 
configure:3185: $? = 0
configure:3174: g++ -V >&5
g++: error: unrecognized command line option '-V'
g++: fatal error: no input files
compilation terminated.
configure:3185: $? = 4
configure:3174: g++ -qversion >&5
g++: error: unrecognized command line option '-qversion'
g++: fatal error: no input files
compilation terminated.
configure:3185: $? = 4
configure:3205: checking whether the C++ compiler works
configure:3227: g++    conftest.cpp  >&5
configure:3231: $? = 0
configure:3279: result: yes
configure:3282: checking for C++ compiler default output file name
configure:3284: result: a.out
configure:3290: checking for suffix of executables
configure:3297: g++ -o conftest    conftest.cpp  >&5
configure:3301: $? = 0
configure:3323: result: 
configure:3345: checking whether we are cross compiling
configure:3353: g++ -o conftest    conftest.cpp  >&5
configure:3357: $? = 0
configure:3364: ./conftest
configure:3368: $? = 0
configure:3383: result: no
configure:3388: checking for suffix of object files
configure:3410: g++ -c   conftest.cpp >&5
configure:3414: $? = 0
configure:3435: result: o
configure:3439: checking whether we are using the GNU C++ compiler
configure:3458: g++ -c   conftest.cpp >&5
configure:3458: $? = 0
configure:3467: result: yes
configure:3476: checking whether g++ accepts -g
configure:3496: g++ -c -g  conftest.cpp >&5
configure:3496: $? = 0
configure:3537: result: yes
configure:3571: checking for style of include used by make
configure:3599: result: GNU
configure:3625: checking dependency style of g++
configure:3736: result: gcc3
configure:4021: checking how to run the C++ preprocessor
configure:4048: g++ -E  conftest.cpp
configure:4048: $? = 0
configure:4062: g++ -E  conftest.cpp
conftest.cpp:11:28: fatal error: ac_nonexistent.h: No such file or directory
 #include <ac_nonexistent.h>
                            ^
compilation terminated.
configure:4062: $? = 1
configure: failed program was:
| /* confdefs.h */
| #define PACKAGE_NAME "OTXServer"
| #define PACKAGE_TARNAME "otxserver"
| #define PACKAGE_VERSION "2.X.Series"
| #define PACKAGE_STRING "OTXServer 2.X.Series"
| #define PACKAGE_BUGREPORT ""
| #define PACKAGE_URL ""
| #define PACKAGE "otxserver"
| #define VERSION "2.X.Series"
| /* end confdefs.h.  */
| #include <ac_nonexistent.h>
configure:4087: result: g++ -E
configure:4107: g++ -E  conftest.cpp
configure:4107: $? = 0
configure:4121: g++ -E  conftest.cpp
conftest.cpp:11:28: fatal error: ac_nonexistent.h: No such file or directory
 #include <ac_nonexistent.h>
                            ^
compilation terminated.
configure:4121: $? = 1
configure: failed program was:
| /* confdefs.h */
| #define PACKAGE_NAME "OTXServer"
| #define PACKAGE_TARNAME "otxserver"
| #define PACKAGE_VERSION "2.X.Series"
| #define PACKAGE_STRING "OTXServer 2.X.Series"
| #define PACKAGE_BUGREPORT ""
| #define PACKAGE_URL ""
| #define PACKAGE "otxserver"
| #define VERSION "2.X.Series"
| /* end confdefs.h.  */
| #include <ac_nonexistent.h>
configure:4150: checking for grep that handles long lines and -e
configure:4208: result: /bin/grep
configure:4213: checking for egrep
configure:4275: result: /bin/grep -E
configure:4280: checking for ANSI C header files
configure:4300: g++ -c -g -O2  conftest.cpp >&5
configure:4300: $? = 0
configure:4373: g++ -o conftest -g -O2   conftest.cpp  >&5
configure:4373: $? = 0
configure:4373: ./conftest
configure:4373: $? = 0
configure:4384: result: yes
configure:4397: checking for sys/types.h
configure:4397: g++ -c -g -O2  conftest.cpp >&5
configure:4397: $? = 0
configure:4397: result: yes
configure:4397: checking for sys/stat.h
configure:4397: g++ -c -g -O2  conftest.cpp >&5
configure:4397: $? = 0
configure:4397: result: yes
configure:4397: checking for stdlib.h
configure:4397: g++ -c -g -O2  conftest.cpp >&5
configure:4397: $? = 0
configure:4397: result: yes
configure:4397: checking for string.h
configure:4397: g++ -c -g -O2  conftest.cpp >&5
configure:4397: $? = 0
configure:4397: result: yes
configure:4397: checking for memory.h
configure:4397: g++ -c -g -O2  conftest.cpp >&5
configure:4397: $? = 0
configure:4397: result: yes
configure:4397: checking for strings.h
configure:4397: g++ -c -g -O2  conftest.cpp >&5
configure:4397: $? = 0
configure:4397: result: yes
configure:4397: checking for inttypes.h
configure:4397: g++ -c -g -O2  conftest.cpp >&5
configure:4397: $? = 0
configure:4397: result: yes
configure:4397: checking for stdint.h
configure:4397: g++ -c -g -O2  conftest.cpp >&5
configure:4397: $? = 0
configure:4397: result: yes
configure:4397: checking for unistd.h
configure:4397: g++ -c -g -O2  conftest.cpp >&5
configure:4397: $? = 0
configure:4397: result: yes
configure:4412: checking arpa/inet.h usability
configure:4412: g++ -c -g -O2  conftest.cpp >&5
configure:4412: $? = 0
configure:4412: result: yes
configure:4412: checking arpa/inet.h presence
configure:4412: g++ -E  conftest.cpp
configure:4412: $? = 0
configure:4412: result: yes
configure:4412: checking for arpa/inet.h
configure:4412: result: yes
configure:4412: checking netdb.h usability
configure:4412: g++ -c -g -O2  conftest.cpp >&5
configure:4412: $? = 0
configure:4412: result: yes
configure:4412: checking netdb.h presence
configure:4412: g++ -E  conftest.cpp
configure:4412: $? = 0
configure:4412: result: yes
configure:4412: checking for netdb.h
configure:4412: result: yes
configure:4412: checking netinet/in.h usability
configure:4412: g++ -c -g -O2  conftest.cpp >&5
configure:4412: $? = 0
configure:4412: result: yes
configure:4412: checking netinet/in.h presence
configure:4412: g++ -E  conftest.cpp
configure:4412: $? = 0
configure:4412: result: yes
configure:4412: checking for netinet/in.h
configure:4412: result: yes
configure:4412: checking stddef.h usability
configure:4412: g++ -c -g -O2  conftest.cpp >&5
configure:4412: $? = 0
configure:4412: result: yes
configure:4412: checking stddef.h presence
configure:4412: g++ -E  conftest.cpp
configure:4412: $? = 0
configure:4412: result: yes
configure:4412: checking for stddef.h
configure:4412: result: yes
configure:4412: checking for stdint.h
configure:4412: result: yes
configure:4412: checking for stdlib.h
configure:4412: result: yes
configure:4412: checking sys/socket.h usability
configure:4412: g++ -c -g -O2  conftest.cpp >&5
configure:4412: $? = 0
configure:4412: result: yes
configure:4412: checking sys/socket.h presence
configure:4412: g++ -E  conftest.cpp
configure:4412: $? = 0
configure:4412: result: yes
configure:4412: checking for sys/socket.h
configure:4412: result: yes
configure:4412: checking sys/timeb.h usability
configure:4412: g++ -c -g -O2  conftest.cpp >&5
configure:4412: $? = 0
configure:4412: result: yes
configure:4412: checking sys/timeb.h presence
configure:4412: g++ -E  conftest.cpp
configure:4412: $? = 0
configure:4412: result: yes
configure:4412: checking for sys/timeb.h
configure:4412: result: yes
configure:4424: checking for stdbool.h that conforms to C99
configure:4491: g++ -c -g -O2  conftest.cpp >&5
configure:4491: $? = 0
configure:4498: result: yes
configure:4500: checking for _Bool
configure:4500: g++ -c -g -O2  conftest.cpp >&5
conftest.cpp: In function 'int main()':
conftest.cpp:65:13: error: '_Bool' was not declared in this scope
 if (sizeof (_Bool))
             ^
configure:4500: $? = 1
configure: failed program was:
| /* confdefs.h */
| #define PACKAGE_NAME "OTXServer"
| #define PACKAGE_TARNAME "otxserver"
| #define PACKAGE_VERSION "2.X.Series"
| #define PACKAGE_STRING "OTXServer 2.X.Series"
| #define PACKAGE_BUGREPORT ""
| #define PACKAGE_URL ""
| #define PACKAGE "otxserver"
| #define VERSION "2.X.Series"
| #define STDC_HEADERS 1
| #define HAVE_SYS_TYPES_H 1
| #define HAVE_SYS_STAT_H 1
| #define HAVE_STDLIB_H 1
| #define HAVE_STRING_H 1
| #define HAVE_MEMORY_H 1
| #define HAVE_STRINGS_H 1
| #define HAVE_INTTYPES_H 1
| #define HAVE_STDINT_H 1
| #define HAVE_UNISTD_H 1
| #define HAVE_ARPA_INET_H 1
| #define HAVE_NETDB_H 1
| #define HAVE_NETINET_IN_H 1
| #define HAVE_STDDEF_H 1
| #define HAVE_STDINT_H 1
| #define HAVE_STDLIB_H 1
| #define HAVE_SYS_SOCKET_H 1
| #define HAVE_SYS_TIMEB_H 1
| /* end confdefs.h.  */
| #include <stdio.h>
| #ifdef HAVE_SYS_TYPES_H
| # include <sys/types.h>
| #endif
| #ifdef HAVE_SYS_STAT_H
| # include <sys/stat.h>
| #endif
| #ifdef STDC_HEADERS
| # include <stdlib.h>
| # include <stddef.h>
| #else
| # ifdef HAVE_STDLIB_H
| #  include <stdlib.h>
| # endif
| #endif
| #ifdef HAVE_STRING_H
| # if !defined STDC_HEADERS && defined HAVE_MEMORY_H
| #  include <memory.h>
| # endif
| # include <string.h>
| #endif
| #ifdef HAVE_STRINGS_H
| # include <strings.h>
| #endif
| #ifdef HAVE_INTTYPES_H
| # include <inttypes.h>
| #endif
| #ifdef HAVE_STDINT_H
| # include <stdint.h>
| #endif
| #ifdef HAVE_UNISTD_H
| # include <unistd.h>
| #endif
| int
| main ()
| {
| if (sizeof (_Bool))
| 	 return 0;
|   ;
|   return 0;
| }
configure:4500: result: no
configure:4517: checking for an ANSI C-conforming const
configure:4583: g++ -c -g -O2  conftest.cpp >&5
configure:4583: $? = 0
configure:4590: result: yes
configure:4598: checking for inline
configure:4614: g++ -c -g -O2  conftest.cpp >&5
configure:4614: $? = 0
configure:4622: result: inline
configure:4640: checking for int16_t
configure:4640: g++ -c -g -O2  conftest.cpp >&5
configure:4640: $? = 0
configure:4640: g++ -c -g -O2  conftest.cpp >&5
conftest.cpp: In function 'int main()':
conftest.cpp:68:58: error: size of array 'test_array' is negative
    < (int16_t) (((((int16_t) 1 << N) << N) - 1) * 2 + 2))];
                                                          ^
configure:4640: $? = 1
configure: failed program was:
| /* confdefs.h */
| #define PACKAGE_NAME "OTXServer"
| #define PACKAGE_TARNAME "otxserver"
| #define PACKAGE_VERSION "2.X.Series"
| #define PACKAGE_STRING "OTXServer 2.X.Series"
| #define PACKAGE_BUGREPORT ""
| #define PACKAGE_URL ""
| #define PACKAGE "otxserver"
| #define VERSION "2.X.Series"
| #define STDC_HEADERS 1
| #define HAVE_SYS_TYPES_H 1
| #define HAVE_SYS_STAT_H 1
| #define HAVE_STDLIB_H 1
| #define HAVE_STRING_H 1
| #define HAVE_MEMORY_H 1
| #define HAVE_STRINGS_H 1
| #define HAVE_INTTYPES_H 1
| #define HAVE_STDINT_H 1
| #define HAVE_UNISTD_H 1
| #define HAVE_ARPA_INET_H 1
| #define HAVE_NETDB_H 1
| #define HAVE_NETINET_IN_H 1
| #define HAVE_STDDEF_H 1
| #define HAVE_STDINT_H 1
| #define HAVE_STDLIB_H 1
| #define HAVE_SYS_SOCKET_H 1
| #define HAVE_SYS_TIMEB_H 1
| #define HAVE_STDBOOL_H 1
| /* end confdefs.h.  */
| #include <stdio.h>
| #ifdef HAVE_SYS_TYPES_H
| # include <sys/types.h>
| #endif
| #ifdef HAVE_SYS_STAT_H
| # include <sys/stat.h>
| #endif
| #ifdef STDC_HEADERS
| # include <stdlib.h>
| # include <stddef.h>
| #else
| # ifdef HAVE_STDLIB_H
| #  include <stdlib.h>
| # endif
| #endif
| #ifdef HAVE_STRING_H
| # if !defined STDC_HEADERS && defined HAVE_MEMORY_H
| #  include <memory.h>
| # endif
| # include <string.h>
| #endif
| #ifdef HAVE_STRINGS_H
| # include <strings.h>
| #endif
| #ifdef HAVE_INTTYPES_H
| # include <inttypes.h>
| #endif
| #ifdef HAVE_STDINT_H
| # include <stdint.h>
| #endif
| #ifdef HAVE_UNISTD_H
| # include <unistd.h>
| #endif
| 	        enum { N = 16 / 2 - 1 };
| int
| main ()
| {
| static int test_array [1 - 2 * !((int16_t) (((((int16_t) 1 << N) << N) - 1) * 2 + 1)
| 		 < (int16_t) (((((int16_t) 1 << N) << N) - 1) * 2 + 2))];
| test_array [0] = 0;
| return test_array [0];
| 
|   ;
|   return 0;
| }
configure:4640: result: yes
configure:4651: checking for int32_t
configure:4651: g++ -c -g -O2  conftest.cpp >&5
configure:4651: $? = 0
configure:4651: g++ -c -g -O2  conftest.cpp >&5
conftest.cpp: In function 'int main()':
conftest.cpp:68:53: warning: integer overflow in expression [-Woverflow]
    < (int32_t) (((((int32_t) 1 << N) << N) - 1) * 2 + 2))];
                                                     ^
conftest.cpp:68:58: error: size of array 'test_array' is negative
    < (int32_t) (((((int32_t) 1 << N) << N) - 1) * 2 + 2))];
                                                          ^
configure:4651: $? = 1
configure: failed program was:
| /* confdefs.h */
| #define PACKAGE_NAME "OTXServer"
| #define PACKAGE_TARNAME "otxserver"
| #define PACKAGE_VERSION "2.X.Series"
| #define PACKAGE_STRING "OTXServer 2.X.Series"
| #define PACKAGE_BUGREPORT ""
| #define PACKAGE_URL ""
| #define PACKAGE "otxserver"
| #define VERSION "2.X.Series"
| #define STDC_HEADERS 1
| #define HAVE_SYS_TYPES_H 1
| #define HAVE_SYS_STAT_H 1
| #define HAVE_STDLIB_H 1
| #define HAVE_STRING_H 1
| #define HAVE_MEMORY_H 1
| #define HAVE_STRINGS_H 1
| #define HAVE_INTTYPES_H 1
| #define HAVE_STDINT_H 1
| #define HAVE_UNISTD_H 1
| #define HAVE_ARPA_INET_H 1
| #define HAVE_NETDB_H 1
| #define HAVE_NETINET_IN_H 1
| #define HAVE_STDDEF_H 1
| #define HAVE_STDINT_H 1
| #define HAVE_STDLIB_H 1
| #define HAVE_SYS_SOCKET_H 1
| #define HAVE_SYS_TIMEB_H 1
| #define HAVE_STDBOOL_H 1
| /* end confdefs.h.  */
| #include <stdio.h>
| #ifdef HAVE_SYS_TYPES_H
| # include <sys/types.h>
| #endif
| #ifdef HAVE_SYS_STAT_H
| # include <sys/stat.h>
| #endif
| #ifdef STDC_HEADERS
| # include <stdlib.h>
| # include <stddef.h>
| #else
| # ifdef HAVE_STDLIB_H
| #  include <stdlib.h>
| # endif
| #endif
| #ifdef HAVE_STRING_H
| # if !defined STDC_HEADERS && defined HAVE_MEMORY_H
| #  include <memory.h>
| # endif
| # include <string.h>
| #endif
| #ifdef HAVE_STRINGS_H
| # include <strings.h>
| #endif
| #ifdef HAVE_INTTYPES_H
| # include <inttypes.h>
| #endif
| #ifdef HAVE_STDINT_H
| # include <stdint.h>
| #endif
| #ifdef HAVE_UNISTD_H
| # include <unistd.h>
| #endif
| 	        enum { N = 32 / 2 - 1 };
| int
| main ()
| {
| static int test_array [1 - 2 * !((int32_t) (((((int32_t) 1 << N) << N) - 1) * 2 + 1)
| 		 < (int32_t) (((((int32_t) 1 << N) << N) - 1) * 2 + 2))];
| test_array [0] = 0;
| return test_array [0];
| 
|   ;
|   return 0;
| }
configure:4651: result: yes
configure:4662: checking for int64_t
configure:4662: g++ -c -g -O2  conftest.cpp >&5
configure:4662: $? = 0
configure:4662: g++ -c -g -O2  conftest.cpp >&5
conftest.cpp: In function 'int main()':
conftest.cpp:68:53: warning: integer overflow in expression [-Woverflow]
    < (int64_t) (((((int64_t) 1 << N) << N) - 1) * 2 + 2))];
                                                     ^
conftest.cpp:68:58: error: size of array 'test_array' is negative
    < (int64_t) (((((int64_t) 1 << N) << N) - 1) * 2 + 2))];
                                                          ^
configure:4662: $? = 1
configure: failed program was:
| /* confdefs.h */
| #define PACKAGE_NAME "OTXServer"
| #define PACKAGE_TARNAME "otxserver"
| #define PACKAGE_VERSION "2.X.Series"
| #define PACKAGE_STRING "OTXServer 2.X.Series"
| #define PACKAGE_BUGREPORT ""
| #define PACKAGE_URL ""
| #define PACKAGE "otxserver"
| #define VERSION "2.X.Series"
| #define STDC_HEADERS 1
| #define HAVE_SYS_TYPES_H 1
| #define HAVE_SYS_STAT_H 1
| #define HAVE_STDLIB_H 1
| #define HAVE_STRING_H 1
| #define HAVE_MEMORY_H 1
| #define HAVE_STRINGS_H 1
| #define HAVE_INTTYPES_H 1
| #define HAVE_STDINT_H 1
| #define HAVE_UNISTD_H 1
| #define HAVE_ARPA_INET_H 1
| #define HAVE_NETDB_H 1
| #define HAVE_NETINET_IN_H 1
| #define HAVE_STDDEF_H 1
| #define HAVE_STDINT_H 1
| #define HAVE_STDLIB_H 1
| #define HAVE_SYS_SOCKET_H 1
| #define HAVE_SYS_TIMEB_H 1
| #define HAVE_STDBOOL_H 1
| /* end confdefs.h.  */
| #include <stdio.h>
| #ifdef HAVE_SYS_TYPES_H
| # include <sys/types.h>
| #endif
| #ifdef HAVE_SYS_STAT_H
| # include <sys/stat.h>
| #endif
| #ifdef STDC_HEADERS
| # include <stdlib.h>
| # include <stddef.h>
| #else
| # ifdef HAVE_STDLIB_H
| #  include <stdlib.h>
| # endif
| #endif
| #ifdef HAVE_STRING_H
| # if !defined STDC_HEADERS && defined HAVE_MEMORY_H
| #  include <memory.h>
| # endif
| # include <string.h>
| #endif
| #ifdef HAVE_STRINGS_H
| # include <strings.h>
| #endif
| #ifdef HAVE_INTTYPES_H
| # include <inttypes.h>
| #endif
| #ifdef HAVE_STDINT_H
| # include <stdint.h>
| #endif
| #ifdef HAVE_UNISTD_H
| # include <unistd.h>
| #endif
| 	        enum { N = 64 / 2 - 1 };
| int
| main ()
| {
| static int test_array [1 - 2 * !((int64_t) (((((int64_t) 1 << N) << N) - 1) * 2 + 1)
| 		 < (int64_t) (((((int64_t) 1 << N) << N) - 1) * 2 + 2))];
| test_array [0] = 0;
| return test_array [0];
| 
|   ;
|   return 0;
| }
configure:4662: result: yes
configure:4673: checking for size_t
configure:4673: g++ -c -g -O2  conftest.cpp >&5
configure:4673: $? = 0
configure:4673: g++ -c -g -O2  conftest.cpp >&5
conftest.cpp: In function 'int main()':
conftest.cpp:66:20: error: expected primary-expression before ')' token
 if (sizeof ((size_t)))
                    ^
configure:4673: $? = 1
configure: failed program was:
| /* confdefs.h */
| #define PACKAGE_NAME "OTXServer"
| #define PACKAGE_TARNAME "otxserver"
| #define PACKAGE_VERSION "2.X.Series"
| #define PACKAGE_STRING "OTXServer 2.X.Series"
| #define PACKAGE_BUGREPORT ""
| #define PACKAGE_URL ""
| #define PACKAGE "otxserver"
| #define VERSION "2.X.Series"
| #define STDC_HEADERS 1
| #define HAVE_SYS_TYPES_H 1
| #define HAVE_SYS_STAT_H 1
| #define HAVE_STDLIB_H 1
| #define HAVE_STRING_H 1
| #define HAVE_MEMORY_H 1
| #define HAVE_STRINGS_H 1
| #define HAVE_INTTYPES_H 1
| #define HAVE_STDINT_H 1
| #define HAVE_UNISTD_H 1
| #define HAVE_ARPA_INET_H 1
| #define HAVE_NETDB_H 1
| #define HAVE_NETINET_IN_H 1
| #define HAVE_STDDEF_H 1
| #define HAVE_STDINT_H 1
| #define HAVE_STDLIB_H 1
| #define HAVE_SYS_SOCKET_H 1
| #define HAVE_SYS_TIMEB_H 1
| #define HAVE_STDBOOL_H 1
| /* end confdefs.h.  */
| #include <stdio.h>
| #ifdef HAVE_SYS_TYPES_H
| # include <sys/types.h>
| #endif
| #ifdef HAVE_SYS_STAT_H
| # include <sys/stat.h>
| #endif
| #ifdef STDC_HEADERS
| # include <stdlib.h>
| # include <stddef.h>
| #else
| # ifdef HAVE_STDLIB_H
| #  include <stdlib.h>
| # endif
| #endif
| #ifdef HAVE_STRING_H
| # if !defined STDC_HEADERS && defined HAVE_MEMORY_H
| #  include <memory.h>
| # endif
| # include <string.h>
| #endif
| #ifdef HAVE_STRINGS_H
| # include <strings.h>
| #endif
| #ifdef HAVE_INTTYPES_H
| # include <inttypes.h>
| #endif
| #ifdef HAVE_STDINT_H
| # include <stdint.h>
| #endif
| #ifdef HAVE_UNISTD_H
| # include <unistd.h>
| #endif
| int
| main ()
| {
| if (sizeof ((size_t)))
| 	    return 0;
|   ;
|   return 0;
| }
configure:4673: result: yes
configure:4684: checking whether struct tm is in sys/time.h or time.h
configure:4704: g++ -c -g -O2  conftest.cpp >&5
configure:4704: $? = 0
configure:4711: result: time.h
configure:4719: checking for uint16_t
configure:4719: g++ -c -g -O2  conftest.cpp >&5
configure:4719: $? = 0
configure:4719: result: yes
configure:4731: checking for uint32_t
configure:4731: g++ -c -g -O2  conftest.cpp >&5
configure:4731: $? = 0
configure:4731: result: yes
configure:4745: checking for uint64_t
configure:4745: g++ -c -g -O2  conftest.cpp >&5
configure:4745: $? = 0
configure:4745: result: yes
configure:4759: checking for uint8_t
configure:4759: g++ -c -g -O2  conftest.cpp >&5
configure:4759: $? = 0
configure:4759: result: yes
configure:4773: checking for ptrdiff_t
configure:4773: g++ -c -g -O2  conftest.cpp >&5
configure:4773: $? = 0
configure:4773: g++ -c -g -O2  conftest.cpp >&5
conftest.cpp: In function 'int main()':
conftest.cpp:66:23: error: expected primary-expression before ')' token
 if (sizeof ((ptrdiff_t)))
                       ^
configure:4773: $? = 1
configure: failed program was:
| /* confdefs.h */
| #define PACKAGE_NAME "OTXServer"
| #define PACKAGE_TARNAME "otxserver"
| #define PACKAGE_VERSION "2.X.Series"
| #define PACKAGE_STRING "OTXServer 2.X.Series"
| #define PACKAGE_BUGREPORT ""
| #define PACKAGE_URL ""
| #define PACKAGE "otxserver"
| #define VERSION "2.X.Series"
| #define STDC_HEADERS 1
| #define HAVE_SYS_TYPES_H 1
| #define HAVE_SYS_STAT_H 1
| #define HAVE_STDLIB_H 1
| #define HAVE_STRING_H 1
| #define HAVE_MEMORY_H 1
| #define HAVE_STRINGS_H 1
| #define HAVE_INTTYPES_H 1
| #define HAVE_STDINT_H 1
| #define HAVE_UNISTD_H 1
| #define HAVE_ARPA_INET_H 1
| #define HAVE_NETDB_H 1
| #define HAVE_NETINET_IN_H 1
| #define HAVE_STDDEF_H 1
| #define HAVE_STDINT_H 1
| #define HAVE_STDLIB_H 1
| #define HAVE_SYS_SOCKET_H 1
| #define HAVE_SYS_TIMEB_H 1
| #define HAVE_STDBOOL_H 1
| /* end confdefs.h.  */
| #include <stdio.h>
| #ifdef HAVE_SYS_TYPES_H
| # include <sys/types.h>
| #endif
| #ifdef HAVE_SYS_STAT_H
| # include <sys/stat.h>
| #endif
| #ifdef STDC_HEADERS
| # include <stdlib.h>
| # include <stddef.h>
| #else
| # ifdef HAVE_STDLIB_H
| #  include <stdlib.h>
| # endif
| #endif
| #ifdef HAVE_STRING_H
| # if !defined STDC_HEADERS && defined HAVE_MEMORY_H
| #  include <memory.h>
| # endif
| # include <string.h>
| #endif
| #ifdef HAVE_STRINGS_H
| # include <strings.h>
| #endif
| #ifdef HAVE_INTTYPES_H
| # include <inttypes.h>
| #endif
| #ifdef HAVE_STDINT_H
| # include <stdint.h>
| #endif
| #ifdef HAVE_UNISTD_H
| # include <unistd.h>
| #endif
| int
| main ()
| {
| if (sizeof ((ptrdiff_t)))
| 	    return 0;
|   ;
|   return 0;
| }
configure:4773: result: yes
configure:4787: checking for stdlib.h
configure:4787: result: yes
configure:4797: checking for GNU libc compatible malloc
configure:4821: g++ -o conftest -g -O2   conftest.cpp  >&5
configure:4821: $? = 0
configure:4821: ./conftest
configure:4821: $? = 0
configure:4831: result: yes
configure:4852: checking for working memcmp
configure:4895: g++ -o conftest -g -O2   conftest.cpp  >&5
configure:4895: $? = 0
configure:4895: ./conftest
configure:4895: $? = 0
configure:4905: result: yes
configure:4916: checking for stdlib.h
configure:4916: result: yes
configure:4926: checking for GNU libc compatible realloc
configure:4950: g++ -o conftest -g -O2   conftest.cpp  >&5
configure:4950: $? = 0
configure:4950: ./conftest
configure:4950: $? = 0
configure:4960: result: yes
configure:4984: checking for ceil
configure:4984: g++ -o conftest -g -O2   conftest.cpp  >&5
configure:4984: $? = 0
configure:4984: result: yes
configure:4984: checking for floor
configure:4984: g++ -o conftest -g -O2   conftest.cpp  >&5
configure:4984: $? = 0
configure:4984: result: yes
configure:4984: checking for ftime
configure:4984: g++ -o conftest -g -O2   conftest.cpp  >&5
configure:4984: $? = 0
configure:4984: result: yes
configure:4984: checking for gethostbyname
configure:4984: g++ -o conftest -g -O2   conftest.cpp  >&5
configure:4984: $? = 0
configure:4984: result: yes
configure:4984: checking for gethostname
configure:4984: g++ -o conftest -g -O2   conftest.cpp  >&5
configure:4984: $? = 0
configure:4984: result: yes
configure:4984: checking for memset
configure:4984: g++ -o conftest -g -O2   conftest.cpp  >&5
configure:4984: $? = 0
configure:4984: result: yes
configure:4984: checking for pow
configure:4984: g++ -o conftest -g -O2   conftest.cpp  >&5
configure:4984: $? = 0
configure:4984: result: yes
configure:4984: checking for sqrt
configure:4984: g++ -o conftest -g -O2   conftest.cpp  >&5
configure:4984: $? = 0
configure:4984: result: yes
configure:4984: checking for strcasecmp
configure:4984: g++ -o conftest -g -O2   conftest.cpp  >&5
configure:4984: $? = 0
configure:4984: result: yes
configure:4984: checking for strncasecmp
configure:4984: g++ -o conftest -g -O2   conftest.cpp  >&5
configure:4984: $? = 0
configure:4984: result: yes
configure:4984: checking for strstr
configure:4984: g++ -o conftest -g -O2   conftest.cpp  >&5
configure:4984: $? = 0
configure:4984: result: yes
configure:4984: checking for strtol
configure:4984: g++ -o conftest -g -O2   conftest.cpp  >&5
configure:4984: $? = 0
configure:4984: result: yes
configure:5035: checking for xml2-config
configure:5053: found /usr/bin/xml2-config
configure:5066: result: /usr/bin/xml2-config
configure:5075: checking for libxml - version >= 2.6.5
configure:5177: g++ -o conftest -g -O2  -I/usr/include/libxml2  conftest.cpp -lxml2  >&5
configure:5177: $? = 0
configure:5177: ./conftest
configure:5177: $? = 0
configure:5192: result: yes (version 2.9.1)
configure:5260: checking zlib.h usability
configure:5260: g++ -c -g -O2  conftest.cpp >&5
configure:5260: $? = 0
configure:5260: result: yes
configure:5260: checking zlib.h presence
configure:5260: g++ -E  conftest.cpp
configure:5260: $? = 0
configure:5260: result: yes
configure:5260: checking for zlib.h
configure:5260: result: yes
configure:5272: checking for main in -lz
configure:5291: g++ -o conftest -g -O2   conftest.cpp -lz   -lxml2 >&5
configure:5291: $? = 0
configure:5300: result: yes
configure:5317: checking pthread.h usability
configure:5317: g++ -c -g -O2  conftest.cpp >&5
configure:5317: $? = 0
configure:5317: result: yes
configure:5317: checking pthread.h presence
configure:5317: g++ -E  conftest.cpp
configure:5317: $? = 0
configure:5317: result: yes
configure:5317: checking for pthread.h
configure:5317: result: yes
configure:5329: checking for main in -lpthread
configure:5348: g++ -o conftest -g -O2   conftest.cpp -lpthread  -lz  -lxml2 >&5
configure:5348: $? = 0
configure:5357: result: yes
configure:5375: checking openssl/rsa.h usability
configure:5375: g++ -c -g -O2  conftest.cpp >&5
configure:5375: $? = 0
configure:5375: result: yes
configure:5375: checking openssl/rsa.h presence
configure:5375: g++ -E  conftest.cpp
configure:5375: $? = 0
configure:5375: result: yes
configure:5375: checking for openssl/rsa.h
configure:5375: result: yes
configure:5375: checking openssl/bn.h usability
configure:5375: g++ -c -g -O2  conftest.cpp >&5
configure:5375: $? = 0
configure:5375: result: yes
configure:5375: checking openssl/bn.h presence
configure:5375: g++ -E  conftest.cpp
configure:5375: $? = 0
configure:5375: result: yes
configure:5375: checking for openssl/bn.h
configure:5375: result: yes
configure:5375: checking openssl/err.h usability
configure:5375: g++ -c -g -O2  conftest.cpp >&5
configure:5375: $? = 0
configure:5375: result: yes
configure:5375: checking openssl/err.h presence
configure:5375: g++ -E  conftest.cpp
configure:5375: $? = 0
configure:5375: result: yes
configure:5375: checking for openssl/err.h
configure:5375: result: yes
configure:5375: checking openssl/sha.h usability
configure:5375: g++ -c -g -O2  conftest.cpp >&5
configure:5375: $? = 0
configure:5375: result: yes
configure:5375: checking openssl/sha.h presence
configure:5375: g++ -E  conftest.cpp
configure:5375: $? = 0
configure:5375: result: yes
configure:5375: checking for openssl/sha.h
configure:5375: result: yes
configure:5375: checking openssl/md5.h usability
configure:5375: g++ -c -g -O2  conftest.cpp >&5
configure:5375: $? = 0
configure:5375: result: yes
configure:5375: checking openssl/md5.h presence
configure:5375: g++ -E  conftest.cpp
configure:5375: $? = 0
configure:5375: result: yes
configure:5375: checking for openssl/md5.h
configure:5375: result: yes
configure:5387: checking for main in -lcrypto
configure:5406: g++ -o conftest -g -O2   conftest.cpp -lcrypto  -lpthread -lz  -lxml2 >&5
configure:5406: $? = 0
configure:5415: result: yes
configure:5430: checking for main in -lboost_thread-gcc-mt
configure:5449: g++ -o conftest -g -O2   conftest.cpp -lboost_thread-gcc-mt  -lcrypto -lpthread -lz  -lxml2 >&5
/usr/bin/ld: cannot find -lboost_thread-gcc-mt
collect2: error: ld returned 1 exit status
configure:5449: $? = 1
configure: failed program was:
| /* confdefs.h */
| #define PACKAGE_NAME "OTXServer"
| #define PACKAGE_TARNAME "otxserver"
| #define PACKAGE_VERSION "2.X.Series"
| #define PACKAGE_STRING "OTXServer 2.X.Series"
| #define PACKAGE_BUGREPORT ""
| #define PACKAGE_URL ""
| #define PACKAGE "otxserver"
| #define VERSION "2.X.Series"
| #define STDC_HEADERS 1
| #define HAVE_SYS_TYPES_H 1
| #define HAVE_SYS_STAT_H 1
| #define HAVE_STDLIB_H 1
| #define HAVE_STRING_H 1
| #define HAVE_MEMORY_H 1
| #define HAVE_STRINGS_H 1
| #define HAVE_INTTYPES_H 1
| #define HAVE_STDINT_H 1
| #define HAVE_UNISTD_H 1
| #define HAVE_ARPA_INET_H 1
| #define HAVE_NETDB_H 1
| #define HAVE_NETINET_IN_H 1
| #define HAVE_STDDEF_H 1
| #define HAVE_STDINT_H 1
| #define HAVE_STDLIB_H 1
| #define HAVE_SYS_SOCKET_H 1
| #define HAVE_SYS_TIMEB_H 1
| #define HAVE_STDBOOL_H 1
| #define HAVE_PTRDIFF_T 1
| #define HAVE_STDLIB_H 1
| #define HAVE_MALLOC 1
| #define HAVE_STDLIB_H 1
| #define HAVE_REALLOC 1
| #define HAVE_CEIL 1
| #define HAVE_FLOOR 1
| #define HAVE_FTIME 1
| #define HAVE_GETHOSTBYNAME 1
| #define HAVE_GETHOSTNAME 1
| #define HAVE_MEMSET 1
| #define HAVE_POW 1
| #define HAVE_SQRT 1
| #define HAVE_STRCASECMP 1
| #define HAVE_STRNCASECMP 1
| #define HAVE_STRSTR 1
| #define HAVE_STRTOL 1
| #define HAVE_ZLIB_H 1
| #define HAVE_LIBZ 1
| #define HAVE_PTHREAD_H 1
| #define HAVE_LIBPTHREAD 1
| #define HAVE_OPENSSL_RSA_H 1
| #define HAVE_OPENSSL_BN_H 1
| #define HAVE_OPENSSL_ERR_H 1
| #define HAVE_OPENSSL_SHA_H 1
| #define HAVE_OPENSSL_MD5_H 1
| #define HAVE_LIBCRYPTO 1
| /* end confdefs.h.  */
| 
| 
| int
| main ()
| {
| return main ();
|   ;
|   return 0;
| }
configure:5458: result: no
configure:5469: checking for main in -lboost_thread-mt
configure:5488: g++ -o conftest -g -O2   conftest.cpp -lboost_thread-mt  -lcrypto -lpthread -lz  -lxml2 >&5
/usr/bin/ld: cannot find -lboost_thread-mt
collect2: error: ld returned 1 exit status
configure:5488: $? = 1
configure: failed program was:
| /* confdefs.h */
| #define PACKAGE_NAME "OTXServer"
| #define PACKAGE_TARNAME "otxserver"
| #define PACKAGE_VERSION "2.X.Series"
| #define PACKAGE_STRING "OTXServer 2.X.Series"
| #define PACKAGE_BUGREPORT ""
| #define PACKAGE_URL ""
| #define PACKAGE "otxserver"
| #define VERSION "2.X.Series"
| #define STDC_HEADERS 1
| #define HAVE_SYS_TYPES_H 1
| #define HAVE_SYS_STAT_H 1
| #define HAVE_STDLIB_H 1
| #define HAVE_STRING_H 1
| #define HAVE_MEMORY_H 1
| #define HAVE_STRINGS_H 1
| #define HAVE_INTTYPES_H 1
| #define HAVE_STDINT_H 1
| #define HAVE_UNISTD_H 1
| #define HAVE_ARPA_INET_H 1
| #define HAVE_NETDB_H 1
| #define HAVE_NETINET_IN_H 1
| #define HAVE_STDDEF_H 1
| #define HAVE_STDINT_H 1
| #define HAVE_STDLIB_H 1
| #define HAVE_SYS_SOCKET_H 1
| #define HAVE_SYS_TIMEB_H 1
| #define HAVE_STDBOOL_H 1
| #define HAVE_PTRDIFF_T 1
| #define HAVE_STDLIB_H 1
| #define HAVE_MALLOC 1
| #define HAVE_STDLIB_H 1
| #define HAVE_REALLOC 1
| #define HAVE_CEIL 1
| #define HAVE_FLOOR 1
| #define HAVE_FTIME 1
| #define HAVE_GETHOSTBYNAME 1
| #define HAVE_GETHOSTNAME 1
| #define HAVE_MEMSET 1
| #define HAVE_POW 1
| #define HAVE_SQRT 1
| #define HAVE_STRCASECMP 1
| #define HAVE_STRNCASECMP 1
| #define HAVE_STRSTR 1
| #define HAVE_STRTOL 1
| #define HAVE_ZLIB_H 1
| #define HAVE_LIBZ 1
| #define HAVE_PTHREAD_H 1
| #define HAVE_LIBPTHREAD 1
| #define HAVE_OPENSSL_RSA_H 1
| #define HAVE_OPENSSL_BN_H 1
| #define HAVE_OPENSSL_ERR_H 1
| #define HAVE_OPENSSL_SHA_H 1
| #define HAVE_OPENSSL_MD5_H 1
| #define HAVE_LIBCRYPTO 1
| /* end confdefs.h.  */
| 
| 
| int
| main ()
| {
| return main ();
|   ;
|   return 0;
| }
configure:5497: result: no
configure:5508: checking for main in -lboost_thread
configure:5527: g++ -o conftest -g -O2   conftest.cpp -lboost_thread  -lcrypto -lpthread -lz  -lxml2 >&5
configure:5527: $? = 0
configure:5536: result: yes
configure:5558: checking for main in -lboost_regex-gcc-mt
configure:5577: g++ -o conftest -g -O2   conftest.cpp -lboost_regex-gcc-mt  -lboost_thread -lcrypto -lpthread -lz  -lxml2 >&5
/usr/bin/ld: cannot find -lboost_regex-gcc-mt
collect2: error: ld returned 1 exit status
configure:5577: $? = 1
configure: failed program was:
| /* confdefs.h */
| #define PACKAGE_NAME "OTXServer"
| #define PACKAGE_TARNAME "otxserver"
| #define PACKAGE_VERSION "2.X.Series"
| #define PACKAGE_STRING "OTXServer 2.X.Series"
| #define PACKAGE_BUGREPORT ""
| #define PACKAGE_URL ""
| #define PACKAGE "otxserver"
| #define VERSION "2.X.Series"
| #define STDC_HEADERS 1
| #define HAVE_SYS_TYPES_H 1
| #define HAVE_SYS_STAT_H 1
| #define HAVE_STDLIB_H 1
| #define HAVE_STRING_H 1
| #define HAVE_MEMORY_H 1
| #define HAVE_STRINGS_H 1
| #define HAVE_INTTYPES_H 1
| #define HAVE_STDINT_H 1
| #define HAVE_UNISTD_H 1
| #define HAVE_ARPA_INET_H 1
| #define HAVE_NETDB_H 1
| #define HAVE_NETINET_IN_H 1
| #define HAVE_STDDEF_H 1
| #define HAVE_STDINT_H 1
| #define HAVE_STDLIB_H 1
| #define HAVE_SYS_SOCKET_H 1
| #define HAVE_SYS_TIMEB_H 1
| #define HAVE_STDBOOL_H 1
| #define HAVE_PTRDIFF_T 1
| #define HAVE_STDLIB_H 1
| #define HAVE_MALLOC 1
| #define HAVE_STDLIB_H 1
| #define HAVE_REALLOC 1
| #define HAVE_CEIL 1
| #define HAVE_FLOOR 1
| #define HAVE_FTIME 1
| #define HAVE_GETHOSTBYNAME 1
| #define HAVE_GETHOSTNAME 1
| #define HAVE_MEMSET 1
| #define HAVE_POW 1
| #define HAVE_SQRT 1
| #define HAVE_STRCASECMP 1
| #define HAVE_STRNCASECMP 1
| #define HAVE_STRSTR 1
| #define HAVE_STRTOL 1
| #define HAVE_ZLIB_H 1
| #define HAVE_LIBZ 1
| #define HAVE_PTHREAD_H 1
| #define HAVE_LIBPTHREAD 1
| #define HAVE_OPENSSL_RSA_H 1
| #define HAVE_OPENSSL_BN_H 1
| #define HAVE_OPENSSL_ERR_H 1
| #define HAVE_OPENSSL_SHA_H 1
| #define HAVE_OPENSSL_MD5_H 1
| #define HAVE_LIBCRYPTO 1
| #define HAVE_LIBBOOST_THREAD 1
| /* end confdefs.h.  */
| 
| 
| int
| main ()
| {
| return main ();
|   ;
|   return 0;
| }
configure:5586: result: no
configure:5597: checking for main in -lboost_regex-mt
configure:5616: g++ -o conftest -g -O2   conftest.cpp -lboost_regex-mt  -lboost_thread -lcrypto -lpthread -lz  -lxml2 >&5
/usr/bin/ld: cannot find -lboost_regex-mt
collect2: error: ld returned 1 exit status
configure:5616: $? = 1
configure: failed program was:
| /* confdefs.h */
| #define PACKAGE_NAME "OTXServer"
| #define PACKAGE_TARNAME "otxserver"
| #define PACKAGE_VERSION "2.X.Series"
| #define PACKAGE_STRING "OTXServer 2.X.Series"
| #define PACKAGE_BUGREPORT ""
| #define PACKAGE_URL ""
| #define PACKAGE "otxserver"
| #define VERSION "2.X.Series"
| #define STDC_HEADERS 1
| #define HAVE_SYS_TYPES_H 1
| #define HAVE_SYS_STAT_H 1
| #define HAVE_STDLIB_H 1
| #define HAVE_STRING_H 1
| #define HAVE_MEMORY_H 1
| #define HAVE_STRINGS_H 1
| #define HAVE_INTTYPES_H 1
| #define HAVE_STDINT_H 1
| #define HAVE_UNISTD_H 1
| #define HAVE_ARPA_INET_H 1
| #define HAVE_NETDB_H 1
| #define HAVE_NETINET_IN_H 1
| #define HAVE_STDDEF_H 1
| #define HAVE_STDINT_H 1
| #define HAVE_STDLIB_H 1
| #define HAVE_SYS_SOCKET_H 1
| #define HAVE_SYS_TIMEB_H 1
| #define HAVE_STDBOOL_H 1
| #define HAVE_PTRDIFF_T 1
| #define HAVE_STDLIB_H 1
| #define HAVE_MALLOC 1
| #define HAVE_STDLIB_H 1
| #define HAVE_REALLOC 1
| #define HAVE_CEIL 1
| #define HAVE_FLOOR 1
| #define HAVE_FTIME 1
| #define HAVE_GETHOSTBYNAME 1
| #define HAVE_GETHOSTNAME 1
| #define HAVE_MEMSET 1
| #define HAVE_POW 1
| #define HAVE_SQRT 1
| #define HAVE_STRCASECMP 1
| #define HAVE_STRNCASECMP 1
| #define HAVE_STRSTR 1
| #define HAVE_STRTOL 1
| #define HAVE_ZLIB_H 1
| #define HAVE_LIBZ 1
| #define HAVE_PTHREAD_H 1
| #define HAVE_LIBPTHREAD 1
| #define HAVE_OPENSSL_RSA_H 1
| #define HAVE_OPENSSL_BN_H 1
| #define HAVE_OPENSSL_ERR_H 1
| #define HAVE_OPENSSL_SHA_H 1
| #define HAVE_OPENSSL_MD5_H 1
| #define HAVE_LIBCRYPTO 1
| #define HAVE_LIBBOOST_THREAD 1
| /* end confdefs.h.  */
| 
| 
| int
| main ()
| {
| return main ();
|   ;
|   return 0;
| }
configure:5625: result: no
configure:5636: checking for main in -lboost_regex
configure:5655: g++ -o conftest -g -O2   conftest.cpp -lboost_regex  -lboost_thread -lcrypto -lpthread -lz  -lxml2 >&5
configure:5655: $? = 0
configure:5664: result: yes
configure:5686: checking for main in -lboost_system-gcc-mt
configure:5705: g++ -o conftest -g -O2   conftest.cpp -lboost_system-gcc-mt  -lboost_regex -lboost_thread -lcrypto -lpthread -lz  -lxml2 >&5
/usr/bin/ld: cannot find -lboost_system-gcc-mt
collect2: error: ld returned 1 exit status
configure:5705: $? = 1
configure: failed program was:
| /* confdefs.h */
| #define PACKAGE_NAME "OTXServer"
| #define PACKAGE_TARNAME "otxserver"
| #define PACKAGE_VERSION "2.X.Series"
| #define PACKAGE_STRING "OTXServer 2.X.Series"
| #define PACKAGE_BUGREPORT ""
| #define PACKAGE_URL ""
| #define PACKAGE "otxserver"
| #define VERSION "2.X.Series"
| #define STDC_HEADERS 1
| #define HAVE_SYS_TYPES_H 1
| #define HAVE_SYS_STAT_H 1
| #define HAVE_STDLIB_H 1
| #define HAVE_STRING_H 1
| #define HAVE_MEMORY_H 1
| #define HAVE_STRINGS_H 1
| #define HAVE_INTTYPES_H 1
| #define HAVE_STDINT_H 1
| #define HAVE_UNISTD_H 1
| #define HAVE_ARPA_INET_H 1
| #define HAVE_NETDB_H 1
| #define HAVE_NETINET_IN_H 1
| #define HAVE_STDDEF_H 1
| #define HAVE_STDINT_H 1
| #define HAVE_STDLIB_H 1
| #define HAVE_SYS_SOCKET_H 1
| #define HAVE_SYS_TIMEB_H 1
| #define HAVE_STDBOOL_H 1
| #define HAVE_PTRDIFF_T 1
| #define HAVE_STDLIB_H 1
| #define HAVE_MALLOC 1
| #define HAVE_STDLIB_H 1
| #define HAVE_REALLOC 1
| #define HAVE_CEIL 1
| #define HAVE_FLOOR 1
| #define HAVE_FTIME 1
| #define HAVE_GETHOSTBYNAME 1
| #define HAVE_GETHOSTNAME 1
| #define HAVE_MEMSET 1
| #define HAVE_POW 1
| #define HAVE_SQRT 1
| #define HAVE_STRCASECMP 1
| #define HAVE_STRNCASECMP 1
| #define HAVE_STRSTR 1
| #define HAVE_STRTOL 1
| #define HAVE_ZLIB_H 1
| #define HAVE_LIBZ 1
| #define HAVE_PTHREAD_H 1
| #define HAVE_LIBPTHREAD 1
| #define HAVE_OPENSSL_RSA_H 1
| #define HAVE_OPENSSL_BN_H 1
| #define HAVE_OPENSSL_ERR_H 1
| #define HAVE_OPENSSL_SHA_H 1
| #define HAVE_OPENSSL_MD5_H 1
| #define HAVE_LIBCRYPTO 1
| #define HAVE_LIBBOOST_THREAD 1
| #define HAVE_LIBBOOST_REGEX 1
| /* end confdefs.h.  */
| 
| 
| int
| main ()
| {
| return main ();
|   ;
|   return 0;
| }
configure:5714: result: no
configure:5725: checking for main in -lboost_system-mt
configure:5744: g++ -o conftest -g -O2   conftest.cpp -lboost_system-mt  -lboost_regex -lboost_thread -lcrypto -lpthread -lz  -lxml2 >&5
/usr/bin/ld: cannot find -lboost_system-mt
collect2: error: ld returned 1 exit status
configure:5744: $? = 1
configure: failed program was:
| /* confdefs.h */
| #define PACKAGE_NAME "OTXServer"
| #define PACKAGE_TARNAME "otxserver"
| #define PACKAGE_VERSION "2.X.Series"
| #define PACKAGE_STRING "OTXServer 2.X.Series"
| #define PACKAGE_BUGREPORT ""
| #define PACKAGE_URL ""
| #define PACKAGE "otxserver"
| #define VERSION "2.X.Series"
| #define STDC_HEADERS 1
| #define HAVE_SYS_TYPES_H 1
| #define HAVE_SYS_STAT_H 1
| #define HAVE_STDLIB_H 1
| #define HAVE_STRING_H 1
| #define HAVE_MEMORY_H 1
| #define HAVE_STRINGS_H 1
| #define HAVE_INTTYPES_H 1
| #define HAVE_STDINT_H 1
| #define HAVE_UNISTD_H 1
| #define HAVE_ARPA_INET_H 1
| #define HAVE_NETDB_H 1
| #define HAVE_NETINET_IN_H 1
| #define HAVE_STDDEF_H 1
| #define HAVE_STDINT_H 1
| #define HAVE_STDLIB_H 1
| #define HAVE_SYS_SOCKET_H 1
| #define HAVE_SYS_TIMEB_H 1
| #define HAVE_STDBOOL_H 1
| #define HAVE_PTRDIFF_T 1
| #define HAVE_STDLIB_H 1
| #define HAVE_MALLOC 1
| #define HAVE_STDLIB_H 1
| #define HAVE_REALLOC 1
| #define HAVE_CEIL 1
| #define HAVE_FLOOR 1
| #define HAVE_FTIME 1
| #define HAVE_GETHOSTBYNAME 1
| #define HAVE_GETHOSTNAME 1
| #define HAVE_MEMSET 1
| #define HAVE_POW 1
| #define HAVE_SQRT 1
| #define HAVE_STRCASECMP 1
| #define HAVE_STRNCASECMP 1
| #define HAVE_STRSTR 1
| #define HAVE_STRTOL 1
| #define HAVE_ZLIB_H 1
| #define HAVE_LIBZ 1
| #define HAVE_PTHREAD_H 1
| #define HAVE_LIBPTHREAD 1
| #define HAVE_OPENSSL_RSA_H 1
| #define HAVE_OPENSSL_BN_H 1
| #define HAVE_OPENSSL_ERR_H 1
| #define HAVE_OPENSSL_SHA_H 1
| #define HAVE_OPENSSL_MD5_H 1
| #define HAVE_LIBCRYPTO 1
| #define HAVE_LIBBOOST_THREAD 1
| #define HAVE_LIBBOOST_REGEX 1
| /* end confdefs.h.  */
| 
| 
| int
| main ()
| {
| return main ();
|   ;
|   return 0;
| }
configure:5753: result: no
configure:5764: checking for main in -lboost_system
configure:5783: g++ -o conftest -g -O2   conftest.cpp -lboost_system  -lboost_regex -lboost_thread -lcrypto -lpthread -lz  -lxml2 >&5
configure:5783: $? = 0
configure:5792: result: yes
configure:5814: checking for main in -lboost_date_time-gcc-mt
configure:5833: g++ -o conftest -g -O2   conftest.cpp -lboost_date_time-gcc-mt  -lboost_system -lboost_regex -lboost_thread -lcrypto -lpthread -lz  -lxml2 >&5
/usr/bin/ld: cannot find -lboost_date_time-gcc-mt
collect2: error: ld returned 1 exit status
configure:5833: $? = 1
configure: failed program was:
| /* confdefs.h */
| #define PACKAGE_NAME "OTXServer"
| #define PACKAGE_TARNAME "otxserver"
| #define PACKAGE_VERSION "2.X.Series"
| #define PACKAGE_STRING "OTXServer 2.X.Series"
| #define PACKAGE_BUGREPORT ""
| #define PACKAGE_URL ""
| #define PACKAGE "otxserver"
| #define VERSION "2.X.Series"
| #define STDC_HEADERS 1
| #define HAVE_SYS_TYPES_H 1
| #define HAVE_SYS_STAT_H 1
| #define HAVE_STDLIB_H 1
| #define HAVE_STRING_H 1
| #define HAVE_MEMORY_H 1
| #define HAVE_STRINGS_H 1
| #define HAVE_INTTYPES_H 1
| #define HAVE_STDINT_H 1
| #define HAVE_UNISTD_H 1
| #define HAVE_ARPA_INET_H 1
| #define HAVE_NETDB_H 1
| #define HAVE_NETINET_IN_H 1
| #define HAVE_STDDEF_H 1
| #define HAVE_STDINT_H 1
| #define HAVE_STDLIB_H 1
| #define HAVE_SYS_SOCKET_H 1
| #define HAVE_SYS_TIMEB_H 1
| #define HAVE_STDBOOL_H 1
| #define HAVE_PTRDIFF_T 1
| #define HAVE_STDLIB_H 1
| #define HAVE_MALLOC 1
| #define HAVE_STDLIB_H 1
| #define HAVE_REALLOC 1
| #define HAVE_CEIL 1
| #define HAVE_FLOOR 1
| #define HAVE_FTIME 1
| #define HAVE_GETHOSTBYNAME 1
| #define HAVE_GETHOSTNAME 1
| #define HAVE_MEMSET 1
| #define HAVE_POW 1
| #define HAVE_SQRT 1
| #define HAVE_STRCASECMP 1
| #define HAVE_STRNCASECMP 1
| #define HAVE_STRSTR 1
| #define HAVE_STRTOL 1
| #define HAVE_ZLIB_H 1
| #define HAVE_LIBZ 1
| #define HAVE_PTHREAD_H 1
| #define HAVE_LIBPTHREAD 1
| #define HAVE_OPENSSL_RSA_H 1
| #define HAVE_OPENSSL_BN_H 1
| #define HAVE_OPENSSL_ERR_H 1
| #define HAVE_OPENSSL_SHA_H 1
| #define HAVE_OPENSSL_MD5_H 1
| #define HAVE_LIBCRYPTO 1
| #define HAVE_LIBBOOST_THREAD 1
| #define HAVE_LIBBOOST_REGEX 1
| #define HAVE_LIBBOOST_SYSTEM 1
| /* end confdefs.h.  */
| 
| 
| int
| main ()
| {
| return main ();
|   ;
|   return 0;
| }
configure:5842: result: no
configure:5853: checking for main in -lboost_date_time-mt
configure:5872: g++ -o conftest -g -O2   conftest.cpp -lboost_date_time-mt  -lboost_system -lboost_regex -lboost_thread -lcrypto -lpthread -lz  -lxml2 >&5
/usr/bin/ld: cannot find -lboost_date_time-mt
collect2: error: ld returned 1 exit status
configure:5872: $? = 1
configure: failed program was:
| /* confdefs.h */
| #define PACKAGE_NAME "OTXServer"
| #define PACKAGE_TARNAME "otxserver"
| #define PACKAGE_VERSION "2.X.Series"
| #define PACKAGE_STRING "OTXServer 2.X.Series"
| #define PACKAGE_BUGREPORT ""
| #define PACKAGE_URL ""
| #define PACKAGE "otxserver"
| #define VERSION "2.X.Series"
| #define STDC_HEADERS 1
| #define HAVE_SYS_TYPES_H 1
| #define HAVE_SYS_STAT_H 1
| #define HAVE_STDLIB_H 1
| #define HAVE_STRING_H 1
| #define HAVE_MEMORY_H 1
| #define HAVE_STRINGS_H 1
| #define HAVE_INTTYPES_H 1
| #define HAVE_STDINT_H 1
| #define HAVE_UNISTD_H 1
| #define HAVE_ARPA_INET_H 1
| #define HAVE_NETDB_H 1
| #define HAVE_NETINET_IN_H 1
| #define HAVE_STDDEF_H 1
| #define HAVE_STDINT_H 1
| #define HAVE_STDLIB_H 1
| #define HAVE_SYS_SOCKET_H 1
| #define HAVE_SYS_TIMEB_H 1
| #define HAVE_STDBOOL_H 1
| #define HAVE_PTRDIFF_T 1
| #define HAVE_STDLIB_H 1
| #define HAVE_MALLOC 1
| #define HAVE_STDLIB_H 1
| #define HAVE_REALLOC 1
| #define HAVE_CEIL 1
| #define HAVE_FLOOR 1
| #define HAVE_FTIME 1
| #define HAVE_GETHOSTBYNAME 1
| #define HAVE_GETHOSTNAME 1
| #define HAVE_MEMSET 1
| #define HAVE_POW 1
| #define HAVE_SQRT 1
| #define HAVE_STRCASECMP 1
| #define HAVE_STRNCASECMP 1
| #define HAVE_STRSTR 1
| #define HAVE_STRTOL 1
| #define HAVE_ZLIB_H 1
| #define HAVE_LIBZ 1
| #define HAVE_PTHREAD_H 1
| #define HAVE_LIBPTHREAD 1
| #define HAVE_OPENSSL_RSA_H 1
| #define HAVE_OPENSSL_BN_H 1
| #define HAVE_OPENSSL_ERR_H 1
| #define HAVE_OPENSSL_SHA_H 1
| #define HAVE_OPENSSL_MD5_H 1
| #define HAVE_LIBCRYPTO 1
| #define HAVE_LIBBOOST_THREAD 1
| #define HAVE_LIBBOOST_REGEX 1
| #define HAVE_LIBBOOST_SYSTEM 1
| /* end confdefs.h.  */
| 
| 
| int
| main ()
| {
| return main ();
|   ;
|   return 0;
| }
configure:5881: result: no
configure:5892: checking for main in -lboost_date_time
configure:5911: g++ -o conftest -g -O2   conftest.cpp -lboost_date_time  -lboost_system -lboost_regex -lboost_thread -lcrypto -lpthread -lz  -lxml2 >&5
configure:5911: $? = 0
configure:5920: result: yes
configure:5942: checking for main in -lboost_filesystem-gcc-mt
configure:5961: g++ -o conftest -g -O2   conftest.cpp -lboost_filesystem-gcc-mt  -lboost_date_time -lboost_system -lboost_regex -lboost_thread -lcrypto -lpthread -lz  -lxml2 >&5
/usr/bin/ld: cannot find -lboost_filesystem-gcc-mt
collect2: error: ld returned 1 exit status
configure:5961: $? = 1
configure: failed program was:
| /* confdefs.h */
| #define PACKAGE_NAME "OTXServer"
| #define PACKAGE_TARNAME "otxserver"
| #define PACKAGE_VERSION "2.X.Series"
| #define PACKAGE_STRING "OTXServer 2.X.Series"
| #define PACKAGE_BUGREPORT ""
| #define PACKAGE_URL ""
| #define PACKAGE "otxserver"
| #define VERSION "2.X.Series"
| #define STDC_HEADERS 1
| #define HAVE_SYS_TYPES_H 1
| #define HAVE_SYS_STAT_H 1
| #define HAVE_STDLIB_H 1
| #define HAVE_STRING_H 1
| #define HAVE_MEMORY_H 1
| #define HAVE_STRINGS_H 1
| #define HAVE_INTTYPES_H 1
| #define HAVE_STDINT_H 1
| #define HAVE_UNISTD_H 1
| #define HAVE_ARPA_INET_H 1
| #define HAVE_NETDB_H 1
| #define HAVE_NETINET_IN_H 1
| #define HAVE_STDDEF_H 1
| #define HAVE_STDINT_H 1
| #define HAVE_STDLIB_H 1
| #define HAVE_SYS_SOCKET_H 1
| #define HAVE_SYS_TIMEB_H 1
| #define HAVE_STDBOOL_H 1
| #define HAVE_PTRDIFF_T 1
| #define HAVE_STDLIB_H 1
| #define HAVE_MALLOC 1
| #define HAVE_STDLIB_H 1
| #define HAVE_REALLOC 1
| #define HAVE_CEIL 1
| #define HAVE_FLOOR 1
| #define HAVE_FTIME 1
| #define HAVE_GETHOSTBYNAME 1
| #define HAVE_GETHOSTNAME 1
| #define HAVE_MEMSET 1
| #define HAVE_POW 1
| #define HAVE_SQRT 1
| #define HAVE_STRCASECMP 1
| #define HAVE_STRNCASECMP 1
| #define HAVE_STRSTR 1
| #define HAVE_STRTOL 1
| #define HAVE_ZLIB_H 1
| #define HAVE_LIBZ 1
| #define HAVE_PTHREAD_H 1
| #define HAVE_LIBPTHREAD 1
| #define HAVE_OPENSSL_RSA_H 1
| #define HAVE_OPENSSL_BN_H 1
| #define HAVE_OPENSSL_ERR_H 1
| #define HAVE_OPENSSL_SHA_H 1
| #define HAVE_OPENSSL_MD5_H 1
| #define HAVE_LIBCRYPTO 1
| #define HAVE_LIBBOOST_THREAD 1
| #define HAVE_LIBBOOST_REGEX 1
| #define HAVE_LIBBOOST_SYSTEM 1
| #define HAVE_LIBBOOST_DATE_TIME 1
| /* end confdefs.h.  */
| 
| 
| int
| main ()
| {
| return main ();
|   ;
|   return 0;
| }
configure:5970: result: no
configure:5981: checking for main in -lboost_filesystem-mt
configure:6000: g++ -o conftest -g -O2   conftest.cpp -lboost_filesystem-mt  -lboost_date_time -lboost_system -lboost_regex -lboost_thread -lcrypto -lpthread -lz  -lxml2 >&5
/usr/bin/ld: cannot find -lboost_filesystem-mt
collect2: error: ld returned 1 exit status
configure:6000: $? = 1
configure: failed program was:
| /* confdefs.h */
| #define PACKAGE_NAME "OTXServer"
| #define PACKAGE_TARNAME "otxserver"
| #define PACKAGE_VERSION "2.X.Series"
| #define PACKAGE_STRING "OTXServer 2.X.Series"
| #define PACKAGE_BUGREPORT ""
| #define PACKAGE_URL ""
| #define PACKAGE "otxserver"
| #define VERSION "2.X.Series"
| #define STDC_HEADERS 1
| #define HAVE_SYS_TYPES_H 1
| #define HAVE_SYS_STAT_H 1
| #define HAVE_STDLIB_H 1
| #define HAVE_STRING_H 1
| #define HAVE_MEMORY_H 1
| #define HAVE_STRINGS_H 1
| #define HAVE_INTTYPES_H 1
| #define HAVE_STDINT_H 1
| #define HAVE_UNISTD_H 1
| #define HAVE_ARPA_INET_H 1
| #define HAVE_NETDB_H 1
| #define HAVE_NETINET_IN_H 1
| #define HAVE_STDDEF_H 1
| #define HAVE_STDINT_H 1
| #define HAVE_STDLIB_H 1
| #define HAVE_SYS_SOCKET_H 1
| #define HAVE_SYS_TIMEB_H 1
| #define HAVE_STDBOOL_H 1
| #define HAVE_PTRDIFF_T 1
| #define HAVE_STDLIB_H 1
| #define HAVE_MALLOC 1
| #define HAVE_STDLIB_H 1
| #define HAVE_REALLOC 1
| #define HAVE_CEIL 1
| #define HAVE_FLOOR 1
| #define HAVE_FTIME 1
| #define HAVE_GETHOSTBYNAME 1
| #define HAVE_GETHOSTNAME 1
| #define HAVE_MEMSET 1
| #define HAVE_POW 1
| #define HAVE_SQRT 1
| #define HAVE_STRCASECMP 1
| #define HAVE_STRNCASECMP 1
| #define HAVE_STRSTR 1
| #define HAVE_STRTOL 1
| #define HAVE_ZLIB_H 1
| #define HAVE_LIBZ 1
| #define HAVE_PTHREAD_H 1
| #define HAVE_LIBPTHREAD 1
| #define HAVE_OPENSSL_RSA_H 1
| #define HAVE_OPENSSL_BN_H 1
| #define HAVE_OPENSSL_ERR_H 1
| #define HAVE_OPENSSL_SHA_H 1
| #define HAVE_OPENSSL_MD5_H 1
| #define HAVE_LIBCRYPTO 1
| #define HAVE_LIBBOOST_THREAD 1
| #define HAVE_LIBBOOST_REGEX 1
| #define HAVE_LIBBOOST_SYSTEM 1
| #define HAVE_LIBBOOST_DATE_TIME 1
| /* end confdefs.h.  */
| 
| 
| int
| main ()
| {
| return main ();
|   ;
|   return 0;
| }
configure:6009: result: no
configure:6020: checking for main in -lboost_filesystem
configure:6039: g++ -o conftest -g -O2   conftest.cpp -lboost_filesystem  -lboost_date_time -lboost_system -lboost_regex -lboost_thread -lcrypto -lpthread -lz  -lxml2 >&5
configure:6039: $? = 0
configure:6048: result: yes
configure:6465: checking for LUA
configure:6638: result: no
configure:6643: checking lua.h usability
configure:6643: g++ -c -g -O2  conftest.cpp >&5
conftest.cpp:95:17: fatal error: lua.h: No such file or directory
 #include <lua.h>
                 ^
compilation terminated.
configure:6643: $? = 1
configure: failed program was:
| /* confdefs.h */
| #define PACKAGE_NAME "OTXServer"
| #define PACKAGE_TARNAME "otxserver"
| #define PACKAGE_VERSION "2.X.Series"
| #define PACKAGE_STRING "OTXServer 2.X.Series"
| #define PACKAGE_BUGREPORT ""
| #define PACKAGE_URL ""
| #define PACKAGE "otxserver"
| #define VERSION "2.X.Series"
| #define STDC_HEADERS 1
| #define HAVE_SYS_TYPES_H 1
| #define HAVE_SYS_STAT_H 1
| #define HAVE_STDLIB_H 1
| #define HAVE_STRING_H 1
| #define HAVE_MEMORY_H 1
| #define HAVE_STRINGS_H 1
| #define HAVE_INTTYPES_H 1
| #define HAVE_STDINT_H 1
| #define HAVE_UNISTD_H 1
| #define HAVE_ARPA_INET_H 1
| #define HAVE_NETDB_H 1
| #define HAVE_NETINET_IN_H 1
| #define HAVE_STDDEF_H 1
| #define HAVE_STDINT_H 1
| #define HAVE_STDLIB_H 1
| #define HAVE_SYS_SOCKET_H 1
| #define HAVE_SYS_TIMEB_H 1
| #define HAVE_STDBOOL_H 1
| #define HAVE_PTRDIFF_T 1
| #define HAVE_STDLIB_H 1
| #define HAVE_MALLOC 1
| #define HAVE_STDLIB_H 1
| #define HAVE_REALLOC 1
| #define HAVE_CEIL 1
| #define HAVE_FLOOR 1
| #define HAVE_FTIME 1
| #define HAVE_GETHOSTBYNAME 1
| #define HAVE_GETHOSTNAME 1
| #define HAVE_MEMSET 1
| #define HAVE_POW 1
| #define HAVE_SQRT 1
| #define HAVE_STRCASECMP 1
| #define HAVE_STRNCASECMP 1
| #define HAVE_STRSTR 1
| #define HAVE_STRTOL 1
| #define HAVE_ZLIB_H 1
| #define HAVE_LIBZ 1
| #define HAVE_PTHREAD_H 1
| #define HAVE_LIBPTHREAD 1
| #define HAVE_OPENSSL_RSA_H 1
| #define HAVE_OPENSSL_BN_H 1
| #define HAVE_OPENSSL_ERR_H 1
| #define HAVE_OPENSSL_SHA_H 1
| #define HAVE_OPENSSL_MD5_H 1
| #define HAVE_LIBCRYPTO 1
| #define HAVE_LIBBOOST_THREAD 1
| #define HAVE_LIBBOOST_REGEX 1
| #define HAVE_LIBBOOST_SYSTEM 1
| #define HAVE_LIBBOOST_DATE_TIME 1
| #define HAVE_LIBBOOST_FILESYSTEM 1
| /* end confdefs.h.  */
| #include <stdio.h>
| #ifdef HAVE_SYS_TYPES_H
| # include <sys/types.h>
| #endif
| #ifdef HAVE_SYS_STAT_H
| # include <sys/stat.h>
| #endif
| #ifdef STDC_HEADERS
| # include <stdlib.h>
| # include <stddef.h>
| #else
| # ifdef HAVE_STDLIB_H
| #  include <stdlib.h>
| # endif
| #endif
| #ifdef HAVE_STRING_H
| # if !defined STDC_HEADERS && defined HAVE_MEMORY_H
| #  include <memory.h>
| # endif
| # include <string.h>
| #endif
| #ifdef HAVE_STRINGS_H
| # include <strings.h>
| #endif
| #ifdef HAVE_INTTYPES_H
| # include <inttypes.h>
| #endif
| #ifdef HAVE_STDINT_H
| # include <stdint.h>
| #endif
| #ifdef HAVE_UNISTD_H
| # include <unistd.h>
| #endif
| #include <lua.h>
configure:6643: result: no
configure:6643: checking lua.h presence
configure:6643: g++ -E  conftest.cpp
conftest.cpp:62:17: fatal error: lua.h: No such file or directory
 #include <lua.h>
                 ^
compilation terminated.
configure:6643: $? = 1
configure: failed program was:
| /* confdefs.h */
| #define PACKAGE_NAME "OTXServer"
| #define PACKAGE_TARNAME "otxserver"
| #define PACKAGE_VERSION "2.X.Series"
| #define PACKAGE_STRING "OTXServer 2.X.Series"
| #define PACKAGE_BUGREPORT ""
| #define PACKAGE_URL ""
| #define PACKAGE "otxserver"
| #define VERSION "2.X.Series"
| #define STDC_HEADERS 1
| #define HAVE_SYS_TYPES_H 1
| #define HAVE_SYS_STAT_H 1
| #define HAVE_STDLIB_H 1
| #define HAVE_STRING_H 1
| #define HAVE_MEMORY_H 1
| #define HAVE_STRINGS_H 1
| #define HAVE_INTTYPES_H 1
| #define HAVE_STDINT_H 1
| #define HAVE_UNISTD_H 1
| #define HAVE_ARPA_INET_H 1
| #define HAVE_NETDB_H 1
| #define HAVE_NETINET_IN_H 1
| #define HAVE_STDDEF_H 1
| #define HAVE_STDINT_H 1
| #define HAVE_STDLIB_H 1
| #define HAVE_SYS_SOCKET_H 1
| #define HAVE_SYS_TIMEB_H 1
| #define HAVE_STDBOOL_H 1
| #define HAVE_PTRDIFF_T 1
| #define HAVE_STDLIB_H 1
| #define HAVE_MALLOC 1
| #define HAVE_STDLIB_H 1
| #define HAVE_REALLOC 1
| #define HAVE_CEIL 1
| #define HAVE_FLOOR 1
| #define HAVE_FTIME 1
| #define HAVE_GETHOSTBYNAME 1
| #define HAVE_GETHOSTNAME 1
| #define HAVE_MEMSET 1
| #define HAVE_POW 1
| #define HAVE_SQRT 1
| #define HAVE_STRCASECMP 1
| #define HAVE_STRNCASECMP 1
| #define HAVE_STRSTR 1
| #define HAVE_STRTOL 1
| #define HAVE_ZLIB_H 1
| #define HAVE_LIBZ 1
| #define HAVE_PTHREAD_H 1
| #define HAVE_LIBPTHREAD 1
| #define HAVE_OPENSSL_RSA_H 1
| #define HAVE_OPENSSL_BN_H 1
| #define HAVE_OPENSSL_ERR_H 1
| #define HAVE_OPENSSL_SHA_H 1
| #define HAVE_OPENSSL_MD5_H 1
| #define HAVE_LIBCRYPTO 1
| #define HAVE_LIBBOOST_THREAD 1
| #define HAVE_LIBBOOST_REGEX 1
| #define HAVE_LIBBOOST_SYSTEM 1
| #define HAVE_LIBBOOST_DATE_TIME 1
| #define HAVE_LIBBOOST_FILESYSTEM 1
| /* end confdefs.h.  */
| #include <lua.h>
configure:6643: result: no
configure:6643: checking for lua.h
configure:6643: result: no
configure:6654: checking lua5.1/lua.h usability
configure:6654: g++ -c -g -O2  conftest.cpp >&5
configure:6654: $? = 0
configure:6654: result: yes
configure:6654: checking lua5.1/lua.h presence
configure:6654: g++ -E  conftest.cpp
configure:6654: $? = 0
configure:6654: result: yes
configure:6654: checking for lua5.1/lua.h
configure:6654: result: yes
configure:6671: checking for main in -llua
configure:6690: g++ -o conftest -g -O2   conftest.cpp -llua  -lboost_filesystem -lboost_date_time -lboost_system -lboost_regex -lboost_thread -lcrypto -lpthread -lz  -lxml2 >&5
/usr/bin/ld: cannot find -llua
collect2: error: ld returned 1 exit status
configure:6690: $? = 1
configure: failed program was:
| /* confdefs.h */
| #define PACKAGE_NAME "OTXServer"
| #define PACKAGE_TARNAME "otxserver"
| #define PACKAGE_VERSION "2.X.Series"
| #define PACKAGE_STRING "OTXServer 2.X.Series"
| #define PACKAGE_BUGREPORT ""
| #define PACKAGE_URL ""
| #define PACKAGE "otxserver"
| #define VERSION "2.X.Series"
| #define STDC_HEADERS 1
| #define HAVE_SYS_TYPES_H 1
| #define HAVE_SYS_STAT_H 1
| #define HAVE_STDLIB_H 1
| #define HAVE_STRING_H 1
| #define HAVE_MEMORY_H 1
| #define HAVE_STRINGS_H 1
| #define HAVE_INTTYPES_H 1
| #define HAVE_STDINT_H 1
| #define HAVE_UNISTD_H 1
| #define HAVE_ARPA_INET_H 1
| #define HAVE_NETDB_H 1
| #define HAVE_NETINET_IN_H 1
| #define HAVE_STDDEF_H 1
| #define HAVE_STDINT_H 1
| #define HAVE_STDLIB_H 1
| #define HAVE_SYS_SOCKET_H 1
| #define HAVE_SYS_TIMEB_H 1
| #define HAVE_STDBOOL_H 1
| #define HAVE_PTRDIFF_T 1
| #define HAVE_STDLIB_H 1
| #define HAVE_MALLOC 1
| #define HAVE_STDLIB_H 1
| #define HAVE_REALLOC 1
| #define HAVE_CEIL 1
| #define HAVE_FLOOR 1
| #define HAVE_FTIME 1
| #define HAVE_GETHOSTBYNAME 1
| #define HAVE_GETHOSTNAME 1
| #define HAVE_MEMSET 1
| #define HAVE_POW 1
| #define HAVE_SQRT 1
| #define HAVE_STRCASECMP 1
| #define HAVE_STRNCASECMP 1
| #define HAVE_STRSTR 1
| #define HAVE_STRTOL 1
| #define HAVE_ZLIB_H 1
| #define HAVE_LIBZ 1
| #define HAVE_PTHREAD_H 1
| #define HAVE_LIBPTHREAD 1
| #define HAVE_OPENSSL_RSA_H 1
| #define HAVE_OPENSSL_BN_H 1
| #define HAVE_OPENSSL_ERR_H 1
| #define HAVE_OPENSSL_SHA_H 1
| #define HAVE_OPENSSL_MD5_H 1
| #define HAVE_LIBCRYPTO 1
| #define HAVE_LIBBOOST_THREAD 1
| #define HAVE_LIBBOOST_REGEX 1
| #define HAVE_LIBBOOST_SYSTEM 1
| #define HAVE_LIBBOOST_DATE_TIME 1
| #define HAVE_LIBBOOST_FILESYSTEM 1
| #define HAVE_LUA5_1_LUA_H 1
| /* end confdefs.h.  */
| 
| 
| int
| main ()
| {
| return main ();
|   ;
|   return 0;
| }
configure:6699: result: no
configure:6710: checking for main in -llua5.1
configure:6729: g++ -o conftest -g -O2   conftest.cpp -llua5.1  -lboost_filesystem -lboost_date_time -lboost_system -lboost_regex -lboost_thread -lcrypto -lpthread -lz  -lxml2 >&5
configure:6729: $? = 0
configure:6738: result: yes
configure:6795: checking mysql/mysql.h usability
configure:6795: g++ -c -g -O2  conftest.cpp >&5
configure:6795: $? = 0
configure:6795: result: yes
configure:6795: checking mysql/mysql.h presence
configure:6795: g++ -E  conftest.cpp
configure:6795: $? = 0
configure:6795: result: yes
configure:6795: checking for mysql/mysql.h
configure:6795: result: yes
configure:6807: checking for main in -lmysqlclient
configure:6826: g++ -o conftest -g -O2   conftest.cpp -lmysqlclient  -llua5.1 -lboost_filesystem -lboost_date_time -lboost_system -lboost_regex -lboost_thread -lcrypto -lpthread -lz  -lxml2 >&5
configure:6826: $? = 0
configure:6835: result: yes
configure:7237: checking that generated files are newer than configure
configure:7243: result: done
configure:7318: creating ./config.status

## ---------------------- ##
## Running config.status. ##
## ---------------------- ##

This file was extended by OTXServer config.status 2.X.Series, which was
generated by GNU Autoconf 2.69.  Invocation command line was

  CONFIG_FILES    = 
  CONFIG_HEADERS  = 
  CONFIG_LINKS    = 
  CONFIG_COMMANDS = 
  $ ./config.status 

on vps160636.vps.ovh.ca

config.status:928: creating Makefile
config.status:928: creating config.h
config.status:1109: config.h is unchanged
config.status:1157: executing depfiles commands

## ---------------- ##
## Cache variables. ##
## ---------------- ##

ac_cv_c_const=yes
ac_cv_c_inline=inline
ac_cv_c_int16_t=yes
ac_cv_c_int32_t=yes
ac_cv_c_int64_t=yes
ac_cv_c_uint16_t=yes
ac_cv_c_uint32_t=yes
ac_cv_c_uint64_t=yes
ac_cv_c_uint8_t=yes
ac_cv_cxx_compiler_gnu=yes
ac_cv_env_CCC_set=
ac_cv_env_CCC_value=
ac_cv_env_CPPFLAGS_set=
ac_cv_env_CPPFLAGS_value=
ac_cv_env_CXXCPP_set=
ac_cv_env_CXXCPP_value=
ac_cv_env_CXXFLAGS_set=
ac_cv_env_CXXFLAGS_value=
ac_cv_env_CXX_set=
ac_cv_env_CXX_value=
ac_cv_env_LDFLAGS_set=
ac_cv_env_LDFLAGS_value=
ac_cv_env_LIBS_set=
ac_cv_env_LIBS_value=
ac_cv_env_LUA_CFLAGS_set=
ac_cv_env_LUA_CFLAGS_value=
ac_cv_env_LUA_LIBS_set=
ac_cv_env_LUA_LIBS_value=
ac_cv_env_PKG_CONFIG_LIBDIR_set=
ac_cv_env_PKG_CONFIG_LIBDIR_value=
ac_cv_env_PKG_CONFIG_PATH_set=
ac_cv_env_PKG_CONFIG_PATH_value=
ac_cv_env_PKG_CONFIG_set=
ac_cv_env_PKG_CONFIG_value=
ac_cv_env_build_alias_set=
ac_cv_env_build_alias_value=
ac_cv_env_host_alias_set=
ac_cv_env_host_alias_value=
ac_cv_env_target_alias_set=
ac_cv_env_target_alias_value=
ac_cv_func_ceil=yes
ac_cv_func_floor=yes
ac_cv_func_ftime=yes
ac_cv_func_gethostbyname=yes
ac_cv_func_gethostname=yes
ac_cv_func_malloc_0_nonnull=yes
ac_cv_func_memcmp_working=yes
ac_cv_func_memset=yes
ac_cv_func_pow=yes
ac_cv_func_realloc_0_nonnull=yes
ac_cv_func_sqrt=yes
ac_cv_func_strcasecmp=yes
ac_cv_func_strncasecmp=yes
ac_cv_func_strstr=yes
ac_cv_func_strtol=yes
ac_cv_header_arpa_inet_h=yes
ac_cv_header_inttypes_h=yes
ac_cv_header_lua5_1_lua_h=yes
ac_cv_header_lua_h=no
ac_cv_header_memory_h=yes
ac_cv_header_mysql_mysql_h=yes
ac_cv_header_netdb_h=yes
ac_cv_header_netinet_in_h=yes
ac_cv_header_openssl_bn_h=yes
ac_cv_header_openssl_err_h=yes
ac_cv_header_openssl_md5_h=yes
ac_cv_header_openssl_rsa_h=yes
ac_cv_header_openssl_sha_h=yes
ac_cv_header_pthread_h=yes
ac_cv_header_stdbool_h=yes
ac_cv_header_stdc=yes
ac_cv_header_stddef_h=yes
ac_cv_header_stdint_h=yes
ac_cv_header_stdlib_h=yes
ac_cv_header_string_h=yes
ac_cv_header_strings_h=yes
ac_cv_header_sys_socket_h=yes
ac_cv_header_sys_stat_h=yes
ac_cv_header_sys_timeb_h=yes
ac_cv_header_sys_types_h=yes
ac_cv_header_unistd_h=yes
ac_cv_header_zlib_h=yes
ac_cv_lib_boost_date_time_gcc_mt_main=no
ac_cv_lib_boost_date_time_main=yes
ac_cv_lib_boost_date_time_mt_main=no
ac_cv_lib_boost_filesystem_gcc_mt_main=no
ac_cv_lib_boost_filesystem_main=yes
ac_cv_lib_boost_filesystem_mt_main=no
ac_cv_lib_boost_regex_gcc_mt_main=no
ac_cv_lib_boost_regex_main=yes
ac_cv_lib_boost_regex_mt_main=no
ac_cv_lib_boost_system_gcc_mt_main=no
ac_cv_lib_boost_system_main=yes
ac_cv_lib_boost_system_mt_main=no
ac_cv_lib_boost_thread_gcc_mt_main=no
ac_cv_lib_boost_thread_main=yes
ac_cv_lib_boost_thread_mt_main=no
ac_cv_lib_crypto_main=yes
ac_cv_lib_lua5_1_main=yes
ac_cv_lib_lua_main=no
ac_cv_lib_mysqlclient_main=yes
ac_cv_lib_pthread_main=yes
ac_cv_lib_z_main=yes
ac_cv_objext=o
ac_cv_path_EGREP='/bin/grep -E'
ac_cv_path_GREP=/bin/grep
ac_cv_path_XML2_CONFIG=/usr/bin/xml2-config
ac_cv_path_install='/usr/bin/install -c'
ac_cv_path_mkdir=/bin/mkdir
ac_cv_prog_AWK=mawk
ac_cv_prog_CXXCPP='g++ -E'
ac_cv_prog_ac_ct_CXX=g++
ac_cv_prog_cxx_g=yes
ac_cv_prog_make_make_set=yes
ac_cv_struct_tm=time.h
ac_cv_type__Bool=no
ac_cv_type_ptrdiff_t=yes
ac_cv_type_size_t=yes
am_cv_CXX_dependencies_compiler_type=gcc3
am_cv_make_support_nested_variables=yes

## ----------------- ##
## Output variables. ##
## ----------------- ##

ACLOCAL='${SHELL} /home/Server/source/missing aclocal-1.14'
AMDEPBACKSLASH='\'
AMDEP_FALSE='#'
AMDEP_TRUE=''
AMTAR='$${TAR-tar}'
AM_BACKSLASH='\'
AM_DEFAULT_V='$(AM_DEFAULT_VERBOSITY)'
AM_DEFAULT_VERBOSITY='0'
AM_V='$(V)'
AUTOCONF='${SHELL} /home/Server/source/missing autoconf'
AUTOHEADER='${SHELL} /home/Server/source/missing autoheader'
AUTOMAKE='${SHELL} /home/Server/source/missing automake-1.14'
AWK='mawk'
CPPFLAGS=''
CXX='g++'
CXXCPP='g++ -E'
CXXDEPMODE='depmode=gcc3'
CXXFLAGS='-g -O2'
CYGPATH_W='echo'
DEBUG_FLAGS='-O3 -march=core2 -fomit-frame-pointer'
DEFS='-DHAVE_CONFIG_H'
DEPDIR='.deps'
ECHO_C=''
ECHO_N='-n'
ECHO_T=''
EGREP='/bin/grep -E'
EXEEXT=''
GREP='/bin/grep'
INSTALL_DATA='${INSTALL} -m 644'
INSTALL_PROGRAM='${INSTALL}'
INSTALL_SCRIPT='${INSTALL}'
INSTALL_STRIP_PROGRAM='$(install_sh) -c -s'
LDFLAGS=''
LIBOBJS=''
LIBS='-lmysqlclient -llua5.1 -lboost_filesystem -lboost_date_time -lboost_system -lboost_regex -lboost_thread -lcrypto -lpthread -lz  -lxml2'
LOGIN_SERVER_FALSE=''
LOGIN_SERVER_TRUE='#'
LTLIBOBJS=''
LUA_CFLAGS=''
LUA_LIBS=''
MAKEINFO='${SHELL} /home/Server/source/missing makeinfo'
MKDIR_P='/bin/mkdir -p'
MYSQLPP_FLAGS=''
MYSQLPP_LIBS=''
MYSQL_FLAGS='-D__USE_MYSQL__'
MYSQL_LIBS='-lmysqlclient'
OBJEXT='o'
OPTIONAL_FLAGS='-D__WAR_SYSTEM__ -D__ENABLE_SERVER_DIAGNOSTIC__ -D__ROOT_PERMISSION__ -D__GROUND_CACHE__ -D__ALT_LUA_PATH__'
OT_ADMIN_FALSE=''
OT_ADMIN_TRUE='#'
PACKAGE='otxserver'
PACKAGE_BUGREPORT=''
PACKAGE_NAME='OTXServer'
PACKAGE_STRING='OTXServer 2.X.Series'
PACKAGE_TARNAME='otxserver'
PACKAGE_URL=''
PACKAGE_VERSION='2.X.Series'
PATH_SEPARATOR=':'
PGSQL_FLAGS=''
PGSQL_LIBS=''
PKG_CONFIG=''
PKG_CONFIG_LIBDIR=''
PKG_CONFIG_PATH=''
PROFILER_FLAGS=''
SET_MAKE=''
SHELL='/bin/bash'
SQLITE_FLAGS=''
SQLITE_LIBS=''
STRIP=''
USE_MYSQLPP_FALSE=''
USE_MYSQLPP_TRUE='#'
USE_MYSQL_FALSE='#'
USE_MYSQL_TRUE=''
USE_PGSQL_FALSE=''
USE_PGSQL_TRUE='#'
USE_SQLITE_FALSE=''
USE_SQLITE_TRUE='#'
VERSION='2.X.Series'
XML2_CONFIG='/usr/bin/xml2-config'
XML_CPPFLAGS='-I/usr/include/libxml2'
XML_LIBS='-lxml2'
ac_ct_CXX='g++'
am__EXEEXT_FALSE=''
am__EXEEXT_TRUE='#'
am__fastdepCXX_FALSE='#'
am__fastdepCXX_TRUE=''
am__include='include'
am__isrc=''
am__leading_dot='.'
am__nodep='_no'
am__quote=''
am__tar='$${TAR-tar} chof - "$$tardir"'
am__untar='$${TAR-tar} xf -'
bindir='${exec_prefix}/bin'
build_alias=''
datadir='${datarootdir}'
datarootdir='${prefix}/share'
docdir='${datarootdir}/doc/${PACKAGE_TARNAME}'
dvidir='${docdir}'
exec_prefix='${prefix}'
host_alias=''
htmldir='${docdir}'
includedir='${prefix}/include'
infodir='${datarootdir}/info'
install_sh='${SHELL} /home/Server/source/install-sh'
libdir='${exec_prefix}/lib'
libexecdir='${exec_prefix}/libexec'
localedir='${datarootdir}/locale'
localstatedir='${prefix}/var'
mandir='${datarootdir}/man'
mkdir_p='$(MKDIR_P)'
oldincludedir='/usr/include'
pdfdir='${docdir}'
prefix='/usr/local'
program_transform_name='s,x,x,'
psdir='${docdir}'
sbindir='${exec_prefix}/sbin'
sharedstatedir='${prefix}/com'
sysconfdir='${prefix}/etc'
target_alias=''

## ----------- ##
## confdefs.h. ##
## ----------- ##

/* confdefs.h */
#define PACKAGE_NAME "OTXServer"
#define PACKAGE_TARNAME "otxserver"
#define PACKAGE_VERSION "2.X.Series"
#define PACKAGE_STRING "OTXServer 2.X.Series"
#define PACKAGE_BUGREPORT ""
#define PACKAGE_URL ""
#define PACKAGE "otxserver"
#define VERSION "2.X.Series"
#define STDC_HEADERS 1
#define HAVE_SYS_TYPES_H 1
#define HAVE_SYS_STAT_H 1
#define HAVE_STDLIB_H 1
#define HAVE_STRING_H 1
#define HAVE_MEMORY_H 1
#define HAVE_STRINGS_H 1
#define HAVE_INTTYPES_H 1
#define HAVE_STDINT_H 1
#define HAVE_UNISTD_H 1
#define HAVE_ARPA_INET_H 1
#define HAVE_NETDB_H 1
#define HAVE_NETINET_IN_H 1
#define HAVE_STDDEF_H 1
#define HAVE_STDINT_H 1
#define HAVE_STDLIB_H 1
#define HAVE_SYS_SOCKET_H 1
#define HAVE_SYS_TIMEB_H 1
#define HAVE_STDBOOL_H 1
#define HAVE_PTRDIFF_T 1
#define HAVE_STDLIB_H 1
#define HAVE_MALLOC 1
#define HAVE_STDLIB_H 1
#define HAVE_REALLOC 1
#define HAVE_CEIL 1
#define HAVE_FLOOR 1
#define HAVE_FTIME 1
#define HAVE_GETHOSTBYNAME 1
#define HAVE_GETHOSTNAME 1
#define HAVE_MEMSET 1
#define HAVE_POW 1
#define HAVE_SQRT 1
#define HAVE_STRCASECMP 1
#define HAVE_STRNCASECMP 1
#define HAVE_STRSTR 1
#define HAVE_STRTOL 1
#define HAVE_ZLIB_H 1
#define HAVE_LIBZ 1
#define HAVE_PTHREAD_H 1
#define HAVE_LIBPTHREAD 1
#define HAVE_OPENSSL_RSA_H 1
#define HAVE_OPENSSL_BN_H 1
#define HAVE_OPENSSL_ERR_H 1
#define HAVE_OPENSSL_SHA_H 1
#define HAVE_OPENSSL_MD5_H 1
#define HAVE_LIBCRYPTO 1
#define HAVE_LIBBOOST_THREAD 1
#define HAVE_LIBBOOST_REGEX 1
#define HAVE_LIBBOOST_SYSTEM 1
#define HAVE_LIBBOOST_DATE_TIME 1
#define HAVE_LIBBOOST_FILESYSTEM 1
#define HAVE_LUA5_1_LUA_H 1
#define HAVE_LIBLUA5_1 1
#define HAVE_MYSQL_MYSQL_H 1
#define HAVE_LIBMYSQLCLIENT 1

configure: exit 0
